<?xml version="1.0" encoding="UTF-8"?>
<!-- Generated by org.testng.reporters.JUnitXMLReporter -->
<testsuite ignored="1" hostname="DESKTOP-R84G5BA" failures="0" tests="3" name="Test2" time="7.382" errors="0" timestamp="2022-07-12T12:28:00 IST">
  <testcase classname="Testng_Cases.NewTest" name="f" time="0.001"/>
  <testcase classname="Testng_Cases.Sample" name="D" time="4.655"/>
  <testcase classname="Testng_Cases.Sample" name="h" time="4.967"/>
  <testcase classname="Testng_Cases.Sample" name="sample" time="0.0">
    <ignored/>
  </testcase> <!-- sample -->
</testsuite> <!-- Test2 -->
