<?xml version="1.0" encoding="UTF-8"?>
<!-- Generated by org.testng.reporters.JUnitXMLReporter -->
<testsuite ignored="0" hostname="DESKTOP-R84G5BA" failures="0" tests="4" name="Test" time="13.634" errors="0" timestamp="2022-07-13T08:24:58 IST">
  <testcase classname="Testng_Cases.Gmail_Login_tetng" name="myTest" time="0.012"/>
  <testcase classname="Testng_Cases.Gmail_Login_tetng" name="getTheParameterValue" time="0.013"/>
  <testcase classname="Testng_Cases.Gmail_Login_tetng" name="myTest" time="0.002"/>
  <testcase classname="Testng_Cases.Gmail_Login_tetng" name="A" time="8.029"/>
</testsuite> <!-- Test -->
